<?xml version="1.0" encoding="UTF-8"?>
<testsuite name="com.example.rest_api.RestApiApplicationTests" tests="1" skipped="0" failures="0" errors="0" timestamp="2025-06-15T15:43:03.973Z" hostname="jeonghyeonjoui-MacBookAir.local" time="0.506">
  <properties/>
  <testcase name="contextLoads()" classname="com.example.rest_api.RestApiApplicationTests" time="0.506"/>
  <system-out><![CDATA[00:43:02.782 [Test worker] INFO org.springframework.test.context.support.AnnotationConfigContextLoaderUtils -- Could not detect default configuration classes for test class [com.example.rest_api.RestApiApplicationTests]: RestApiApplicationTests does not declare any static, non-private, non-final, nested classes annotated with @Configuration.
00:43:02.896 [Test worker] INFO org.springframework.boot.test.context.SpringBootTestContextBootstrapper -- Found @SpringBootConfiguration com.example.rest_api.RestApiApplication for test class com.example.rest_api.RestApiApplicationTests

  .   ____          _            __ _ _
 /\\ / ___'_ __ _ _(_)_ __  __ _ \ \ \ \
( ( )\___ | '_ | '_| | '_ \/ _` | \ \ \ \
 \\/  ___)| |_)| | | | | || (_| |  ) ) ) )
  '  |____| .__|_| |_|_| |_\__, | / / / /
 =========|_|==============|___/=/_/_/_/

 :: Spring Boot ::                (v3.5.0)

2025-06-16T00:43:03.197+09:00  INFO 72205 --- [rest-api] [    Test worker] c.e.rest_api.RestApiApplicationTests     : Starting RestApiApplicationTests using Java 17.0.11 with PID 72205 (started by jayde in /Users/jayde/Project/Duksung_Bootcamp_BE)
2025-06-16T00:43:03.198+09:00  INFO 72205 --- [rest-api] [    Test worker] c.e.rest_api.RestApiApplicationTests     : No active profile set, falling back to 1 default profile: "default"
2025-06-16T00:43:03.964+09:00  INFO 72205 --- [rest-api] [    Test worker] c.e.rest_api.RestApiApplicationTests     : Started RestApiApplicationTests in 0.96 seconds (process running for 2.383)
{"user_name":"홍길동","user_age":10,"email":"hong@gmail.com","is_korean":true}
UserRequest(userName=홍길동, userAge=10, email=hong@gmail.com, isKorean=true)
]]></system-out>
  <system-err><![CDATA[]]></system-err>
</testsuite>
